$ nmap 192.168.64.41 -sC -A -p- --min-rate 1000
Starting Nmap 7.98 ( https://nmap.org ) at 2026-03-31 18:47 +0000
Nmap scan report for 192.168.64.41
Host is up (0.00088s latency).
Not shown: 65531 closed tcp ports (reset)
PORT     STATE SERVICE VERSION
22/tcp   open  ssh     OpenSSH 5.3p1 Debian 3ubuntu7 (Ubuntu Linux; protocol 2.0)
| ssh-hostkey: 
|   1024 83:92:ab:f2:b7:6e:27:08:7b:a9:b8:72:32:8c:cc:29 (DSA)
|_  2048 65:77:fa:50:fd:4d:9e:f1:67:e5:cc:0c:c6:96:f2:3e (RSA)
23/tcp   open  ipp     CUPS 1.4
|_http-title: 403 Forbidden
| http-methods: 
|_  Potentially risky methods: PUT
|_http-server-header: CUPS/1.4
80/tcp   open  http    Apache httpd 2.2.14 ((Ubuntu))
|_http-server-header: Apache/2.2.14 (Ubuntu)
|_http-title: Site doesn't have a title (text/html).
3306/tcp open  mysql   MySQL (unauthorized)
Device type: general purpose
Running: Linux 2.6.X
OS CPE: cpe:/o:linux:linux_kernel:2.6
OS details: Linux 2.6.32 - 2.6.35
Network Distance: 2 hops
Service Info: OS: Linux; CPE: cpe:/o:linux:linux_kernel

TRACEROUTE (using port 143/tcp)
HOP RTT     ADDRESS
1   0.25 ms 192.168.49.1
2   1.74 ms 192.168.64.41

OS and Service detection performed. Please report any incorrect results at https://nmap.org/submit/ .
Nmap done: 1 IP address (1 host up) scanned in 44.22 seconds

