$ nmap 192.168.53.41 -A -p22,8090,8091
Starting Nmap 7.98 ( https://nmap.org ) at 2026-04-02 21:37 +0000
Stats: 0:00:06 elapsed; 0 hosts completed (1 up), 1 undergoing Service Scan
Service scan Timing: About 33.33% done; ETC: 21:38 (0:00:12 remaining)
Stats: 0:01:04 elapsed; 0 hosts completed (1 up), 1 undergoing Service Scan
Service scan Timing: About 66.67% done; ETC: 21:39 (0:00:32 remaining)
Nmap scan report for 192.168.53.41
Host is up (0.00077s latency).

PORT     STATE SERVICE  VERSION
22/tcp   open  ssh      OpenSSH 9.0p1 Ubuntu 1ubuntu8.5 (Ubuntu Linux; protocol 2.0)
| ssh-hostkey: 
|   256 02:79:64:84:da:12:97:23:77:8a:3a:60:20:96:ee:cf (ECDSA)
|_  256 dd:49:a3:89:d7:57:ca:92:f0:6c:fe:59:a6:24:cc:87 (ED25519)
8090/tcp open  http     Apache Tomcat (language: en)
| http-title: Log In - Confluence
|_Requested resource was /login.action?os_destination=%2Findex.action&permissionViolation=true
|_http-trane-info: Problem with XML parsing of /evox/about
8091/tcp open  jamlink?
| fingerprint-strings: 
|   FourOhFourRequest: 
|     HTTP/1.1 204 No Content
|     Server: Aleph/0.4.6
|     Date: Thu, 02 Apr 2026 21:38:40 GMT
|     Connection: Close
|   GetRequest: 
|     HTTP/1.1 204 No Content
|     Server: Aleph/0.4.6
|     Date: Thu, 02 Apr 2026 21:38:10 GMT
|     Connection: Close
|   HTTPOptions: 
|     HTTP/1.1 200 OK
|     Access-Control-Allow-Origin: *
|     Access-Control-Max-Age: 31536000
|     Access-Control-Allow-Methods: OPTIONS, GET, PUT, POST
|     Server: Aleph/0.4.6
|     Date: Thu, 02 Apr 2026 21:38:10 GMT
|     Connection: Close
|     content-length: 0
|   Help, Kerberos, LDAPSearchReq, LPDString, SSLSessionReq, TLSSessionReq, TerminalServerCookie: 
|     HTTP/1.1 414 Request-URI Too Long
|     text is empty (possibly HTTP/0.9)
|   RTSPRequest: 
|     HTTP/1.1 200 OK
|     Access-Control-Allow-Origin: *
|     Access-Control-Max-Age: 31536000
|     Access-Control-Allow-Methods: OPTIONS, GET, PUT, POST
|     Server: Aleph/0.4.6
|     Date: Thu, 02 Apr 2026 21:38:10 GMT
|     Connection: Keep-Alive
|     content-length: 0
|   SIPOptions: 
|     HTTP/1.1 200 OK
|     Access-Control-Allow-Origin: *
|     Access-Control-Max-Age: 31536000
|     Access-Control-Allow-Methods: OPTIONS, GET, PUT, POST
|     Server: Aleph/0.4.6
|     Date: Thu, 02 Apr 2026 21:38:45 GMT
|     Connection: Keep-Alive
|_    content-length: 0

