$ nmap 192.168.57.142 -p- -sC -A --min-rate 1000
Starting Nmap 7.98 ( https://nmap.org ) at 2026-03-28 14:45 +0000
Nmap scan report for 192.168.57.142
Host is up (0.00047s latency).
Not shown: 65533 closed tcp ports (reset)
PORT   STATE SERVICE VERSION
22/tcp open  ssh     OpenSSH 7.9p1 Debian 10+deb10u2 (protocol 2.0)
| ssh-hostkey: 
|   2048 3e:a3:6f:64:03:33:1e:76:f8:e4:98:fe:be:e9:8e:58 (RSA)
|   256 6c:0e:b5:00:e7:42:44:48:65:ef:fe:d7:7c:e6:64:d5 (ECDSA)
|_  256 b7:51:f2:f9:85:57:66:a8:65:54:2e:05:f9:40:d2:f4 (ED25519)
80/tcp open  http    Apache httpd 2.4.38 ((Debian))
|_http-server-header: Apache/2.4.38 (Debian)
|_http-title: Gaara
Device type: general purpose
Running: Linux 4.X
OS CPE: cpe:/o:linux:linux_kernel:4
OS details: Linux 4.19 - 5.15
Network Distance: 2 hops
Service Info: OS: Linux; CPE: cpe:/o:linux:linux_kernel

TRACEROUTE (using port 53/tcp)
HOP RTT     ADDRESS
1   0.21 ms 192.168.49.1
2   0.37 ms 192.168.57.142

OS and Service detection performed. Please report any incorrect results at https://nmap.org/submit/ .
Nmap done: 1 IP address (1 host up) scanned in 10.56 seconds

