$ nmap 192.168.60.65 -sC -A -p- --min-rate 1000
Starting Nmap 7.98 ( https://nmap.org ) at 2026-03-29 15:08 +0000
Nmap scan report for 192.168.60.65
Host is up (0.00047s latency).
Not shown: 65520 closed tcp ports (reset)
PORT      STATE SERVICE       VERSION
21/tcp    open  ftp           Microsoft ftpd
| ftp-syst: 
|_  SYST: Windows_NT
| ftp-anon: Anonymous FTP login allowed (FTP code 230)
| 04-29-20  10:31PM       <DIR>          ImapRetrieval
| 03-29-26  08:07AM       <DIR>          Logs
| 04-29-20  10:31PM       <DIR>          PopRetrieval
|_04-29-20  10:32PM       <DIR>          Spool
80/tcp    open  http          Microsoft IIS httpd 10.0
|_http-server-header: Microsoft-IIS/10.0
| http-methods: 
|_  Potentially risky methods: TRACE
|_http-title: IIS Windows
135/tcp   open  msrpc         Microsoft Windows RPC
139/tcp   open  netbios-ssn   Microsoft Windows netbios-ssn
445/tcp   open  microsoft-ds?
5040/tcp  open  unknown
7680/tcp  open  pando-pub?
9998/tcp  open  http          Microsoft HTTPAPI httpd 2.0 (SSDP/UPnP)
|_http-server-header: Microsoft-IIS/10.0
| uptime-agent-info: HTTP/1.1 400 Bad Request\x0D
| Content-Type: text/html; charset=us-ascii\x0D
| Server: Microsoft-HTTPAPI/2.0\x0D
| Date: Sun, 29 Mar 2026 15:11:33 GMT\x0D
| Connection: close\x0D
| Content-Length: 326\x0D
| \x0D
| <!DOCTYPE HTML PUBLIC "-//W3C//DTD HTML 4.01//EN""http://www.w3.org/TR/html4/strict.dtd">\x0D
| <HTML><HEAD><TITLE>Bad Request</TITLE>\x0D
| <META HTTP-EQUIV="Content-Type" Content="text/html; charset=us-ascii"></HEAD>\x0D
| <BODY><h2>Bad Request - Invalid Verb</h2>\x0D
| <hr><p>HTTP Error 400. The request verb is invalid.</p>\x0D
|_</BODY></HTML>\x0D
17001/tcp open  remoting      MS .NET Remoting services
49664/tcp open  msrpc         Microsoft Windows RPC
49665/tcp open  msrpc         Microsoft Windows RPC
49666/tcp open  msrpc         Microsoft Windows RPC
49667/tcp open  msrpc         Microsoft Windows RPC
49668/tcp open  msrpc         Microsoft Windows RPC
49669/tcp open  msrpc         Microsoft Windows RPC
Device type: general purpose
Running: Microsoft Windows 10
OS CPE: cpe:/o:microsoft:windows_10
OS details: Microsoft Windows 10 1903 - 21H1
Network Distance: 2 hops
Service Info: OS: Windows; CPE: cpe:/o:microsoft:windows

Host script results:
| smb2-security-mode: 
|   3.1.1: 
|_    Message signing enabled but not required
| smb2-time: 
|   date: 2026-03-29T15:11:41
|_  start_date: N/A

TRACEROUTE (using port 23/tcp)
HOP RTT     ADDRESS
1   0.23 ms 192.168.49.1
2   0.52 ms 192.168.60.65

OS and Service detection performed. Please report any incorrect results at https://nmap.org/submit/ .
Nmap done: 1 IP address (1 host up) scanned in 207.76 seconds

