$ nmap 192.168.57.16 -p- -sC -A                
Starting Nmap 7.98 ( https://nmap.org ) at 2026-03-31 22:43 +0000
Nmap scan report for 192.168.57.16
Host is up (0.00053s latency).
Not shown: 65533 filtered tcp ports (no-response)
PORT   STATE SERVICE VERSION
22/tcp open  ssh     OpenSSH 8.2p1 Ubuntu 4ubuntu0.5 (Ubuntu Linux; protocol 2.0)
| ssh-hostkey: 
|   3072 98:4e:5d:e1:e6:97:29:6f:d9:e0:d4:82:a8:f6:4f:3f (RSA)
|   256 57:23:57:1f:fd:77:06:be:25:66:61:14:6d:ae:5e:98 (ECDSA)
|_  256 c7:9b:aa:d5:a6:33:35:91:34:1e:ef:cf:61:a8:30:1c (ED25519)
80/tcp open  http    Apache httpd 2.4.41 ((Ubuntu))
|_http-server-header: Apache/2.4.41 (Ubuntu)
Warning: OSScan results may be unreliable because we could not find at least 1 open and 1 closed port
Device type: general purpose|router|firewall
Running (JUST GUESSING): Linux 4.X|5.X|2.6.X|3.X (97%), MikroTik RouterOS 7.X (91%), IPFire 2.X (90%)
OS CPE: cpe:/o:linux:linux_kernel:4 cpe:/o:linux:linux_kernel:5 cpe:/o:mikrotik:routeros:7 cpe:/o:linux:linux_kernel:5.6.3 cpe:/o:linux:linux_kernel:2.6.32 cpe:/o:linux:linux_kernel:3.10 cpe:/o:ipfire:ipfire:2.27 cpe:/o:linux:linux_kernel:6.1
Aggressive OS guesses: Linux 4.19 - 5.15 (97%), Linux 4.15 - 5.19 (91%), Linux 4.19 (91%), Linux 5.0 - 5.14 (91%), OpenWrt 21.02 (Linux 5.4) (91%), MikroTik RouterOS 7.2 - 7.5 (Linux 5.6.3) (91%), Linux 2.6.32 (90%), Linux 2.6.32 or 3.10 (90%), Linux 4.0 - 4.4 (90%), Linux 4.15 (90%)
No exact OS matches for host (test conditions non-ideal).
Network Distance: 2 hops
Service Info: OS: Linux; CPE: cpe:/o:linux:linux_kernel

TRACEROUTE (using port 80/tcp)
HOP RTT     ADDRESS
1   0.21 ms 192.168.49.1
2   0.34 ms 192.168.57.16

